
7월 06, 2023 20:41:35.772 NEW SESSION
7월 06, 2023 20:41:35.772 [11300:2932:0706/204135.770:ERROR:device_event_log_impl.cc(222)] [20:41:35.770] USB: usb_service_win.cc:415 Could not read device interface GUIDs: 지정된 파일을 찾을 수 없습니다. (0x2)
7월 06, 2023 20:52:03.481 [11300:2932:0706/205203.480:ERROR:interface_endpoint_client.cc(697)] Message 1 rejected by interface blink.mojom.WidgetHost

7월 17, 2023 09:31:05.244 NEW SESSION
7월 17, 2023 09:31:05.244 [2236:8596:0717/093105.225:ERROR:interface_endpoint_client.cc(697)] Message 0 rejected by interface blink.mojom.WidgetHost
7월 17, 2023 15:32:14.914 [2236:8596:0717/153214.913:ERROR:interface_endpoint_client.cc(697)] Message 1 rejected by interface blink.mojom.WidgetHost
7월 17, 2023 15:58:25.293 [2236:8596:0717/155825.292:ERROR:interface_endpoint_client.cc(697)] Message 1 rejected by interface blink.mojom.WidgetHost
7월 17, 2023 17:13:04.980 [2236:8596:0717/171304.979:ERROR:interface_endpoint_client.cc(697)] Message 1 rejected by interface blink.mojom.WidgetHost
7월 17, 2023 17:13:04.980 [2236:8596:0717/171304.979:ERROR:interface_endpoint_client.cc(697)] Message 1 rejected by interface blink.mojom.WidgetHost
7월 17, 2023 18:29:16.919 [2236:8596:0717/182916.919:ERROR:interface_endpoint_client.cc(697)] Message 0 rejected by interface blink.mojom.WidgetHost
7월 17, 2023 19:09:09.461 [2236:8596:0717/190909.461:ERROR:device_event_log_impl.cc(222)] [19:09:09.462] USB: usb_service_win.cc:104 SetupDiGetDeviceProperty({{A45C254E-DF1C-4EFD-8020-67D146A850E0}, 6}) failed: 요소가 없습니다. (0x490)

7월 21, 2023 11:37:03.73 NEW SESSION
7월 21, 2023 11:37:03.73 [9736:2852:0721/113703.055:ERROR:interface_endpoint_client.cc(697)] Message 1 rejected by interface blink.mojom.WidgetHost
7월 21, 2023 14:03:55.104 [9736:13732:0721/140355.102:ERROR:mcs_client.cc(750)] Received close command, resetting connection.
7월 21, 2023 16:01:27.295 [9736:2852:0721/160127.295:ERROR:interface_endpoint_client.cc(697)] Message 1 rejected by interface blink.mojom.WidgetHost

7월 27, 2023 17:17:35.779 NEW SESSION
7월 27, 2023 17:17:35.779 [6788:16124:0727/171735.766:ERROR:feature_processor_state.cc(39)] Processing error occured: model WebAppInstallationPromo failed with UkmEngineDisabled, message: 
7월 27, 2023 19:50:53.433 [6788:16124:0727/195053.432:ERROR:interface_endpoint_client.cc(697)] Message 1 rejected by interface blink.mojom.WidgetHost
7월 27, 2023 19:50:53.433 [6788:16124:0727/195053.432:ERROR:interface_endpoint_client.cc(697)] Message 1 rejected by interface blink.mojom.WidgetHost
7월 28, 2023 06:42:18.384 [6788:9996:0728/064218.383:ERROR:mcs_client.cc(750)] Received close command, resetting connection.
7월 28, 2023 06:58:38.540 [6788:9996:0728/065838.539:ERROR:mcs_client.cc(750)] Received close command, resetting connection.
7월 28, 2023 08:59:41.740 [6788:9996:0728/085941.739:ERROR:mcs_client.cc(750)] Received close command, resetting connection.
7월 28, 2023 09:12:55.798 [6788:13096:0728/091255.797:ERROR:cert_verify_proc_builtin.cc(702)] CertVerifyProcBuiltin for global.ib-ibi.com failed:
7월 28, 2023 09:12:55.799 ----- Certificate i=0 (CN=*.ib-ibi.com,O=KBM Group LLC,L=Louisville,ST=Colorado,C=US) -----
7월 28, 2023 09:12:55.800 ERROR: Time is after notAfter
7월 28, 2023 09:12:55.800 
7월 28, 2023 09:12:55.801 
7월 28, 2023 09:15:47.754 [6788:13096:0728/091547.753:ERROR:cert_verify_proc_builtin.cc(702)] CertVerifyProcBuiltin for cookie-sync.api.soundcast.fm failed:
7월 28, 2023 09:15:47.754 ----- Certificate i=0 (CN=*.api.soundcast.fm) -----
7월 28, 2023 09:15:47.755 ERROR: Time is after notAfter
7월 28, 2023 09:15:47.755 
7월 28, 2023 09:15:47.755 
7월 28, 2023 10:01:12.16 [6788:16124:0728/100112.016:ERROR:interface_endpoint_client.cc(697)] Message 1 rejected by interface blink.mojom.WidgetHost
7월 28, 2023 12:41:32.822 [12028:16812:0728/124132.822:ERROR:feature_processor_state.cc(39)] Processing error occured: model WebAppInstallationPromo failed with UkmEngineDisabled, message: 
7월 28, 2023 14:18:54.983 [12028:16812:0728/141854.982:ERROR:device_event_log_impl.cc(222)] [14:18:54.983] USB: usb_service_win.cc:307 SetupDiEnumDeviceInterfaces: 사용 가능한 데이터가 없습니다. (0x103)
7월 28, 2023 15:17:19.932 [12028:16812:0728/151719.932:ERROR:interface_endpoint_client.cc(702)] Message 1 rejected by interface blink.mojom.WidgetHost
7월 28, 2023 15:17:19.932 [12028:16812:0728/151719.932:ERROR:interface_endpoint_client.cc(702)] Message 1 rejected by interface blink.mojom.WidgetHost
7월 28, 2023 15:17:19.933 [12028:16812:0728/151719.932:ERROR:interface_endpoint_client.cc(702)] Message 1 rejected by interface blink.mojom.WidgetHost

7월 29, 2023 24:48:21.663 NEW SESSION
7월 29, 2023 24:48:21.663 [9240:9288:0729/004821.662:ERROR:feature_processor_state.cc(39)] Processing error occured: model WebAppInstallationPromo failed with UkmEngineDisabled, message: 
7월 29, 2023 13:17:52.514 [9240:9288:0729/131752.514:ERROR:interface_endpoint_client.cc(702)] Message 1 rejected by interface blink.mojom.WidgetHost
7월 29, 2023 14:31:02.280 [9240:9288:0729/143102.280:ERROR:device_event_log_impl.cc(222)] [14:31:02.280] USB: usb_service_win.cc:307 SetupDiEnumDeviceInterfaces: 사용 가능한 데이터가 없습니다. (0x103)
7월 29, 2023 14:54:00.238 [9240:2228:0729/145400.237:ERROR:cert_verify_proc_builtin.cc(701)] CertVerifyProcBuiltin for match.adsby.bidtheatre.com failed:
7월 29, 2023 14:54:00.238 ----- Certificate i=0 (CN=match.adsby.bidtheatre.com) -----
7월 29, 2023 14:54:00.238 ERROR: Time is after notAfter
7월 29, 2023 14:54:00.238 
7월 29, 2023 14:54:00.238 
7월 29, 2023 14:54:57.626 [9240:9288:0729/145457.625:ERROR:interface_endpoint_client.cc(702)] Message 1 rejected by interface blink.mojom.WidgetHost
7월 29, 2023 14:59:20.326 [9240:9288:0729/145920.326:ERROR:interface_endpoint_client.cc(702)] Message 1 rejected by interface blink.mojom.WidgetHost
7월 29, 2023 17:16:06.673 [9240:9288:0729/171606.672:ERROR:interface_endpoint_client.cc(702)] Message 5 rejected by interface blink.mojom.WidgetHost
7월 29, 2023 17:45:51.96 [9240:9288:0729/174551.096:ERROR:interface_endpoint_client.cc(702)] Message 1 rejected by interface blink.mojom.WidgetHost
7월 29, 2023 17:45:51.97 [9240:9288:0729/174551.096:ERROR:interface_endpoint_client.cc(702)] Message 1 rejected by interface blink.mojom.WidgetHost
7월 29, 2023 17:45:56.969 [9240:9288:0729/174556.969:ERROR:interface_endpoint_client.cc(702)] Message 5 rejected by interface blink.mojom.WidgetHost
7월 29, 2023 17:45:59.17 [9240:9288:0729/174559.016:ERROR:device_event_log_impl.cc(222)] [17:45:59.016] Bluetooth: bluetooth_adapter_winrt.cc:1058 Getting Default Adapter failed.
7월 29, 2023 17:46:06.193 [9240:9288:0729/174606.193:ERROR:interface_endpoint_client.cc(702)] Message 0 rejected by interface blink.mojom.WidgetHost
7월 29, 2023 19:10:48.913 [9240:9288:0729/191048.912:ERROR:interface_endpoint_client.cc(702)] Message 1 rejected by interface blink.mojom.WidgetHost
7월 30, 2023 24:48:20.13 [9240:9288:0730/004820.013:ERROR:feature_processor_state.cc(39)] Processing error occured: model WebAppInstallationPromo failed with UkmEngineDisabled, message: 
7월 30, 2023 14:47:09.508 [9240:9288:0730/144709.507:ERROR:feature_processor_state.cc(39)] Processing error occured: model WebAppInstallationPromo failed with UkmEngineDisabled, message: 
7월 30, 2023 16:25:43.43 [9240:9288:0730/162543.042:ERROR:interface_endpoint_client.cc(702)] Message 5 rejected by interface blink.mojom.WidgetHost
7월 30, 2023 16:25:43.888 [9240:9288:0730/162543.888:ERROR:interface_endpoint_client.cc(702)] Message 5 rejected by interface blink.mojom.WidgetHost
7월 30, 2023 17:01:04.803 [9240:9288:0730/170104.802:ERROR:interface_endpoint_client.cc(702)] Message 0 rejected by interface blink.mojom.WidgetHost
7월 30, 2023 17:23:17.14 [9240:9288:0730/172317.014:ERROR:interface_endpoint_client.cc(702)] Message 1 rejected by interface blink.mojom.WidgetHost
7월 30, 2023 17:36:42.137 [9240:9288:0730/173642.137:ERROR:interface_endpoint_client.cc(702)] Message 5 rejected by interface blink.mojom.WidgetHost
7월 30, 2023 17:36:49.58 [9240:9288:0730/173649.057:ERROR:interface_endpoint_client.cc(702)] Message 5 rejected by interface blink.mojom.WidgetHost
7월 30, 2023 17:36:53.06 [9240:9288:0730/173653.006:ERROR:interface_endpoint_client.cc(702)] Message 5 rejected by interface blink.mojom.WidgetHost
7월 30, 2023 17:37:42.168 [9240:9288:0730/173742.168:ERROR:interface_endpoint_client.cc(702)] Message 5 rejected by interface blink.mojom.WidgetHost
7월 30, 2023 17:37:44.608 [9240:9288:0730/173744.607:ERROR:interface_endpoint_client.cc(702)] Message 5 rejected by interface blink.mojom.WidgetHost
7월 31, 2023 24:48:18.169 [9240:9288:0731/004818.168:ERROR:feature_processor_state.cc(39)] Processing error occured: model WebAppInstallationPromo failed with UkmEngineDisabled, message: 
7월 31, 2023 09:35:04.751 [9240:9288:0731/093504.751:ERROR:CONSOLE(1)] "One popover is already visible", source: devtools://devtools/bundled/devtools-frontend/front_end/ui/legacy/legacy.js (1)
7월 31, 2023 09:59:47.772 [9240:9288:0731/095947.771:ERROR:interface_endpoint_client.cc(702)] Message 5 rejected by interface blink.mojom.WidgetHost
